호스트이름 : DESKTOP-EJ47CF3
메모리용량 : 17089306624
사용가능메모리 : 10061217792
CPU정보 : Intel(R) Core(TM) i7-6700HQ CPU @ 2.60GHz
CPU정보 : 2592
CPU정보 : 346156
CPU정보 : 0
CPU정보 : 629812
CPU정보 : 9674375
CPU정보 : 404359
CPU정보 : Intel(R) Core(TM) i7-6700HQ CPU @ 2.60GHz
CPU정보 : 2592
CPU정보 : 279156
CPU정보 : 0
CPU정보 : 172578
CPU정보 : 10198343
CPU정보 : 28546
CPU정보 : Intel(R) Core(TM) i7-6700HQ CPU @ 2.60GHz
CPU정보 : 2592
CPU정보 : 835015
CPU정보 : 0
CPU정보 : 310046
CPU정보 : 9505015
CPU정보 : 65156
CPU정보 : Intel(R) Core(TM) i7-6700HQ CPU @ 2.60GHz
CPU정보 : 2592
CPU정보 : 278015
CPU정보 : 0
CPU정보 : 174562
CPU정보 : 10197500
CPU정보 : 54500
CPU정보 : Intel(R) Core(TM) i7-6700HQ CPU @ 2.60GHz
CPU정보 : 2592
CPU정보 : 586265
CPU정보 : 0
CPU정보 : 275515
CPU정보 : 9788296
CPU정보 : 34500
CPU정보 : Intel(R) Core(TM) i7-6700HQ CPU @ 2.60GHz
CPU정보 : 2592
CPU정보 : 246562
CPU정보 : 0
CPU정보 : 197078
CPU정보 : 10206437
CPU정보 : 63234
CPU정보 : Intel(R) Core(TM) i7-6700HQ CPU @ 2.60GHz
CPU정보 : 2592
CPU정보 : 443968
CPU정보 : 0
CPU정보 : 219968
CPU정보 : 9986125
CPU정보 : 37250
CPU정보 : Intel(R) Core(TM) i7-6700HQ CPU @ 2.60GHz
CPU정보 : 2592
CPU정보 : 321296
CPU정보 : 0
CPU정보 : 168000
CPU정보 : 10160765
CPU정보 : 27281
